[2020-08-19T14:25:46.071] [DEBUG] cheese - login => username:admin,password:123456
[2020-08-19T14:25:46.074] [DEBUG] cheese - admin
[2020-08-19T14:25:46.091] [DEBUG] cheese - null
[2020-08-19T14:25:46.092] [DEBUG] cheese - null
[2020-08-19T14:32:55.230] [DEBUG] cheese - login => username:admin,password:123456
[2020-08-19T14:32:55.230] [DEBUG] cheese - admin
[2020-08-19T14:32:55.238] [DEBUG] cheese - null
[2020-08-19T14:32:55.238] [DEBUG] cheese - null
[2020-08-19T14:40:48.394] [DEBUG] cheese - login => username:admin,password:123456
[2020-08-19T14:40:48.395] [DEBUG] cheese - admin
[2020-08-19T14:40:48.401] [DEBUG] cheese - null
[2020-08-19T14:40:48.401] [DEBUG] cheese - null
[2020-08-19T14:53:42.988] [DEBUG] cheese - login => username:admin,password:123456
[2020-08-19T14:53:42.989] [DEBUG] cheese - admin
[2020-08-19T14:53:42.993] [DEBUG] cheese - null
[2020-08-19T14:53:42.993] [DEBUG] cheese - null
[2020-08-19T15:31:24.282] [DEBUG] cheese - login => username:admin,password:123456
[2020-08-19T15:31:24.282] [DEBUG] cheese - admin
[2020-08-19T15:31:24.286] [DEBUG] cheese - null
[2020-08-19T15:31:24.286] [DEBUG] cheese - null
[2020-08-19T15:34:21.046] [DEBUG] cheese - login => username:admin,password:123456
[2020-08-19T15:34:21.046] [DEBUG] cheese - admin
[2020-08-19T15:34:21.050] [DEBUG] cheese - null
[2020-08-19T15:34:21.051] [DEBUG] cheese - null
[2020-08-19T17:31:43.917] [DEBUG] cheese - login => username:admin,password:123456
[2020-08-19T17:31:43.919] [DEBUG] cheese - admin
[2020-08-19T17:31:43.924] [DEBUG] cheese - null
[2020-08-19T17:31:43.924] [DEBUG] cheese - null
[2020-08-19T18:39:16.704] [DEBUG] cheese - login => username:admin,password:123456
[2020-08-19T18:39:16.705] [DEBUG] cheese - admin
[2020-08-19T18:39:16.714] [DEBUG] cheese - null
[2020-08-19T18:39:16.715] [DEBUG] cheese - null
[2020-08-19T19:52:06.686] [DEBUG] cheese - login => username:admin,password:123456
[2020-08-19T19:52:06.686] [DEBUG] cheese - admin
[2020-08-19T19:52:06.691] [DEBUG] cheese - null
[2020-08-19T19:52:06.691] [DEBUG] cheese - null
[2020-08-19T20:59:07.713] [DEBUG] cheese - login => username:admin,password:123456
[2020-08-19T20:59:07.714] [DEBUG] cheese - admin
[2020-08-19T20:59:07.721] [DEBUG] cheese - null
[2020-08-19T20:59:07.721] [DEBUG] cheese - null
[2020-08-19T21:18:31.461] [DEBUG] cheese - login => username:admin,password:123456
[2020-08-19T21:18:31.463] [DEBUG] cheese - admin
[2020-08-19T21:18:31.481] [DEBUG] cheese - null
[2020-08-19T21:18:31.482] [DEBUG] cheese - null
[2020-08-19T21:41:50.522] [DEBUG] cheese - login => username:admin,password:123456
[2020-08-19T21:41:50.522] [DEBUG] cheese - admin
[2020-08-19T21:41:50.526] [DEBUG] cheese - null
[2020-08-19T21:41:50.527] [DEBUG] cheese - null
[2020-08-19T22:34:23.277] [DEBUG] cheese - login => username:admin,password:123456
[2020-08-19T22:34:23.277] [DEBUG] cheese - admin
[2020-08-19T22:34:23.284] [DEBUG] cheese - null
[2020-08-19T22:34:23.284] [DEBUG] cheese - null
[2020-08-19T22:37:46.540] [DEBUG] cheese - login => username:admin,password:123456
[2020-08-19T22:37:46.541] [DEBUG] cheese - admin
[2020-08-19T22:37:52.424] [DEBUG] cheese - login => username:admin,password:123456
[2020-08-19T22:37:52.424] [DEBUG] cheese - admin
[2020-08-19T22:37:52.431] [DEBUG] cheese - login => username:admin,password:123456
[2020-08-19T22:37:52.431] [DEBUG] cheese - admin
[2020-08-19T22:37:52.435] [DEBUG] cheese - login => username:admin,password:123456
[2020-08-19T22:37:52.435] [DEBUG] cheese - admin
[2020-08-19T22:37:52.438] [DEBUG] cheese - login => username:admin,password:123456
[2020-08-19T22:37:52.438] [DEBUG] cheese - admin
[2020-08-19T22:37:52.442] [DEBUG] cheese - login => username:admin,password:123456
[2020-08-19T22:37:52.442] [DEBUG] cheese - admin
[2020-08-19T22:38:00.117] [DEBUG] cheese - login => username:admin,password:123456
[2020-08-19T22:38:00.120] [DEBUG] cheese - admin
[2020-08-19T22:38:00.146] [DEBUG] cheese - null
[2020-08-19T22:38:00.147] [DEBUG] cheese - null
[2020-08-20T10:03:39.478] [DEBUG] cheese - login => username:admin,password:123456
[2020-08-20T10:03:39.481] [DEBUG] cheese - admin
[2020-08-20T10:03:41.380] [DEBUG] cheese - null
[2020-08-20T10:03:41.382] [DEBUG] cheese - null
[2020-08-20T10:04:37.629] [DEBUG] cheese - login => username:admin,password:123456
[2020-08-20T10:04:37.629] [DEBUG] cheese - admin
[2020-08-20T10:04:37.633] [DEBUG] cheese - null
[2020-08-20T10:04:37.633] [DEBUG] cheese - null
[2020-08-20T10:06:48.186] [DEBUG] cheese - login => username:admin,password:123456
[2020-08-20T10:06:48.187] [DEBUG] cheese - admin
[2020-08-20T10:06:48.191] [DEBUG] cheese - null
[2020-08-20T10:06:48.191] [DEBUG] cheese - null
[2020-08-20T10:09:15.976] [DEBUG] cheese - login => username:admin,password:123456
[2020-08-20T10:09:15.977] [DEBUG] cheese - admin
[2020-08-20T10:09:15.980] [DEBUG] cheese - null
[2020-08-20T10:09:15.980] [DEBUG] cheese - null
[2020-08-20T11:19:55.255] [DEBUG] cheese - login => username:admin,password:123456
[2020-08-20T11:19:55.258] [DEBUG] cheese - admin
[2020-08-20T11:19:55.277] [DEBUG] cheese - null
[2020-08-20T11:19:55.278] [DEBUG] cheese - null
[2020-08-21T12:48:00.124] [DEBUG] cheese - login => username:admin,password:123456
[2020-08-21T12:48:00.128] [DEBUG] cheese - admin
[2020-08-21T12:48:00.235] [DEBUG] cheese - null
[2020-08-21T12:48:00.237] [DEBUG] cheese - null
[2020-08-21T12:59:38.994] [DEBUG] cheese - login => username:admin,password:123456
[2020-08-21T12:59:38.996] [DEBUG] cheese - admin
[2020-08-21T12:59:39.015] [DEBUG] cheese - null
[2020-08-21T12:59:39.016] [DEBUG] cheese - null
[2020-08-21T13:14:07.375] [DEBUG] cheese - login => username:admin,password:123456
[2020-08-21T13:14:07.378] [DEBUG] cheese - admin
[2020-08-21T13:14:07.384] [DEBUG] cheese - null
[2020-08-21T13:14:07.385] [DEBUG] cheese - null
[2020-08-21T13:26:14.084] [DEBUG] cheese - login => username:admin,password:123456
[2020-08-21T13:26:14.087] [DEBUG] cheese - admin
[2020-08-21T13:26:14.093] [DEBUG] cheese - null
[2020-08-21T13:26:14.094] [DEBUG] cheese - null
[2020-08-21T16:05:33.061] [DEBUG] cheese - login => username:admin,password:123456
[2020-08-21T16:05:33.063] [DEBUG] cheese - admin
[2020-08-21T16:05:33.071] [DEBUG] cheese - null
[2020-08-21T16:05:33.072] [DEBUG] cheese - null
[2020-08-21T16:25:45.714] [DEBUG] cheese - login => username:admin,password:123456
[2020-08-21T16:25:45.717] [DEBUG] cheese - admin
[2020-08-21T16:25:47.077] [DEBUG] cheese - login => username:admin,password:123456
[2020-08-21T16:25:47.078] [DEBUG] cheese - admin
[2020-08-21T16:25:47.655] [DEBUG] cheese - null
[2020-08-21T16:25:47.656] [DEBUG] cheese - null
[2020-08-21T16:25:47.831] [DEBUG] cheese - null
[2020-08-21T16:25:47.831] [DEBUG] cheese - null
[2020-08-21T17:45:46.187] [DEBUG] cheese - login => username:admin,password:123456
[2020-08-21T17:45:46.190] [DEBUG] cheese - admin
[2020-08-21T17:45:46.200] [DEBUG] cheese - null
[2020-08-21T17:45:46.201] [DEBUG] cheese - null
[2020-08-21T20:28:51.674] [DEBUG] cheese - login => username:admin,password:123456
[2020-08-21T20:28:51.677] [DEBUG] cheese - admin
[2020-08-21T20:28:51.695] [DEBUG] cheese - null
[2020-08-21T20:28:51.696] [DEBUG] cheese - null
[2020-08-21T20:33:22.130] [DEBUG] cheese - login => username:admin,password:123456
[2020-08-21T20:33:22.132] [DEBUG] cheese - admin
[2020-08-21T20:33:22.150] [DEBUG] cheese - null
[2020-08-21T20:33:22.151] [DEBUG] cheese - null
[2020-08-21T20:36:43.905] [DEBUG] cheese - login => username:admin,password:123456
[2020-08-21T20:36:43.907] [DEBUG] cheese - admin
[2020-08-21T20:36:43.914] [DEBUG] cheese - null
[2020-08-21T20:36:43.915] [DEBUG] cheese - null
[2020-08-21T23:22:58.453] [DEBUG] cheese - login => username:admin,password:123456
[2020-08-21T23:22:58.457] [DEBUG] cheese - admin
[2020-08-21T23:22:58.481] [DEBUG] cheese - null
[2020-08-21T23:22:58.482] [DEBUG] cheese - null
[2020-08-23T10:59:47.191] [DEBUG] cheese - login => username:11111,password:333333333
[2020-08-23T10:59:47.193] [DEBUG] cheese - 11111
[2020-08-23T10:59:48.695] [DEBUG] cheese - login => username:11111,password:333333333
[2020-08-23T10:59:48.696] [DEBUG] cheese - 11111
[2020-08-23T10:59:48.853] [DEBUG] cheese - login => username:11111,password:333333333
[2020-08-23T10:59:48.853] [DEBUG] cheese - 11111
[2020-08-23T10:59:48.997] [DEBUG] cheese - login => username:11111,password:333333333
[2020-08-23T10:59:48.997] [DEBUG] cheese - 11111
[2020-08-23T10:59:49.119] [DEBUG] cheese - null
[2020-08-23T10:59:49.120] [DEBUG] cheese - null
[2020-08-23T10:59:49.124] [DEBUG] cheese - null
[2020-08-23T10:59:49.124] [DEBUG] cheese - null
[2020-08-23T10:59:49.127] [DEBUG] cheese - null
[2020-08-23T10:59:49.128] [DEBUG] cheese - null
[2020-08-23T10:59:49.130] [DEBUG] cheese - null
[2020-08-23T10:59:49.130] [DEBUG] cheese - null
[2020-08-23T10:59:49.143] [DEBUG] cheese - login => username:11111,password:333333333
[2020-08-23T10:59:49.143] [DEBUG] cheese - 11111
[2020-08-23T10:59:49.151] [DEBUG] cheese - null
[2020-08-23T10:59:49.151] [DEBUG] cheese - null
[2020-08-23T11:03:34.969] [DEBUG] cheese - login => username:1111,password:22212121212
[2020-08-23T11:03:34.969] [DEBUG] cheese - 1111
[2020-08-23T11:03:34.973] [DEBUG] cheese - null
[2020-08-23T11:03:34.973] [DEBUG] cheese - null
[2020-08-23T11:05:46.401] [DEBUG] cheese - login => username:1111,password:12121212
[2020-08-23T11:05:46.401] [DEBUG] cheese - 1111
[2020-08-23T11:05:46.406] [DEBUG] cheese - null
[2020-08-23T11:05:46.407] [DEBUG] cheese - null
[2020-08-23T11:06:56.950] [DEBUG] cheese - login => username:admin,password:123456
[2020-08-23T11:06:56.951] [DEBUG] cheese - admin
[2020-08-23T11:06:56.960] [DEBUG] cheese - null
[2020-08-23T11:06:56.961] [DEBUG] cheese - null
[2020-08-23T11:14:59.876] [DEBUG] cheese - login => username:11111,password:wer12333
[2020-08-23T11:14:59.876] [DEBUG] cheese - 11111
[2020-08-23T11:14:59.883] [DEBUG] cheese - null
[2020-08-23T11:14:59.883] [DEBUG] cheese - null
[2020-08-23T11:15:11.216] [DEBUG] cheese - login => username:admin,password:123456
[2020-08-23T11:15:11.216] [DEBUG] cheese - admin
[2020-08-23T11:15:11.222] [DEBUG] cheese - null
[2020-08-23T11:15:11.222] [DEBUG] cheese - null
[2020-08-23T11:39:16.197] [DEBUG] cheese - login => username:admin,password:123456
[2020-08-23T11:39:16.198] [DEBUG] cheese - admin
[2020-08-23T11:39:16.203] [DEBUG] cheese - null
[2020-08-23T11:39:16.204] [DEBUG] cheese - null
[2020-08-23T11:39:55.151] [DEBUG] cheese - login => username:admin,password:123456
[2020-08-23T11:39:55.151] [DEBUG] cheese - admin
[2020-08-23T11:39:55.156] [DEBUG] cheese - null
[2020-08-23T11:39:55.156] [DEBUG] cheese - null
[2020-08-23T11:40:46.422] [DEBUG] cheese - login => username:admin,password:123456
[2020-08-23T11:40:46.422] [DEBUG] cheese - admin
[2020-08-23T11:40:46.426] [DEBUG] cheese - null
[2020-08-23T11:40:46.427] [DEBUG] cheese - null
[2020-08-23T11:48:07.015] [DEBUG] cheese - login => username:admin,password:123456
[2020-08-23T11:48:07.015] [DEBUG] cheese - admin
[2020-08-23T11:48:07.019] [DEBUG] cheese - null
[2020-08-23T11:48:07.019] [DEBUG] cheese - null
[2020-08-23T11:54:09.451] [DEBUG] cheese - login => username:admin,password:123456
[2020-08-23T11:54:09.452] [DEBUG] cheese - admin
[2020-08-23T11:54:09.456] [DEBUG] cheese - null
[2020-08-23T11:54:09.456] [DEBUG] cheese - null
[2020-08-23T11:54:25.369] [DEBUG] cheese - login => username:admin,password:123456
[2020-08-23T11:54:25.370] [DEBUG] cheese - admin
[2020-08-23T11:54:25.378] [DEBUG] cheese - null
[2020-08-23T11:54:25.378] [DEBUG] cheese - null
[2020-08-23T12:01:24.062] [DEBUG] cheese - login => username:admin,password:123456
[2020-08-23T12:01:24.062] [DEBUG] cheese - admin
[2020-08-23T12:01:24.069] [DEBUG] cheese - null
[2020-08-23T12:01:24.069] [DEBUG] cheese - null
[2020-08-23T12:01:38.596] [DEBUG] cheese - login => username:admin,password:123456
[2020-08-23T12:01:38.596] [DEBUG] cheese - admin
[2020-08-23T12:01:38.600] [DEBUG] cheese - null
[2020-08-23T12:01:38.600] [DEBUG] cheese - null
[2020-08-23T12:25:34.432] [DEBUG] cheese - login => username:admin,password:123456
[2020-08-23T12:25:34.432] [DEBUG] cheese - admin
[2020-08-23T12:25:34.440] [DEBUG] cheese - null
[2020-08-23T12:25:34.440] [DEBUG] cheese - null
[2020-08-23T12:37:34.368] [DEBUG] cheese - login => username:admin,password:123456
[2020-08-23T12:37:34.368] [DEBUG] cheese - admin
[2020-08-23T12:37:34.377] [DEBUG] cheese - null
[2020-08-23T12:37:34.377] [DEBUG] cheese - null
[2020-08-23T12:39:03.487] [DEBUG] cheese - login => username:admin,password:123456
[2020-08-23T12:39:03.487] [DEBUG] cheese - admin
[2020-08-23T12:39:03.493] [DEBUG] cheese - null
[2020-08-23T12:39:03.493] [DEBUG] cheese - null
[2020-08-23T12:47:41.135] [DEBUG] cheese - login => username:admin,password:123456
[2020-08-23T12:47:41.135] [DEBUG] cheese - admin
[2020-08-23T12:47:41.139] [DEBUG] cheese - null
[2020-08-23T12:47:41.140] [DEBUG] cheese - null
[2020-08-23T12:56:11.718] [DEBUG] cheese - login => username:admin,password:123456
[2020-08-23T12:56:11.719] [DEBUG] cheese - admin
[2020-08-23T12:56:11.725] [DEBUG] cheese - null
[2020-08-23T12:56:11.726] [DEBUG] cheese - null
[2020-08-23T12:58:57.273] [DEBUG] cheese - login => username:admin,password:123456
[2020-08-23T12:58:57.273] [DEBUG] cheese - admin
[2020-08-23T12:58:57.278] [DEBUG] cheese - null
[2020-08-23T12:58:57.278] [DEBUG] cheese - null
[2020-08-23T13:00:29.199] [DEBUG] cheese - login => username:admin,password:123456
[2020-08-23T13:00:29.200] [DEBUG] cheese - admin
[2020-08-23T13:00:29.204] [DEBUG] cheese - null
[2020-08-23T13:00:29.205] [DEBUG] cheese - null
[2020-08-23T13:14:16.991] [DEBUG] cheese - login => username:admin,password:123456
[2020-08-23T13:14:16.991] [DEBUG] cheese - admin
[2020-08-23T13:14:16.997] [DEBUG] cheese - null
[2020-08-23T13:14:16.997] [DEBUG] cheese - null
[2020-08-23T13:35:04.982] [DEBUG] cheese - login => username:admin,password:123456
[2020-08-23T13:35:04.982] [DEBUG] cheese - admin
[2020-08-23T13:35:04.990] [DEBUG] cheese - null
[2020-08-23T13:35:04.990] [DEBUG] cheese - null
[2020-08-23T13:42:25.793] [DEBUG] cheese - login => username:admin,password:123456
[2020-08-23T13:42:25.793] [DEBUG] cheese - admin
[2020-08-23T13:42:25.798] [DEBUG] cheese - null
[2020-08-23T13:42:25.799] [DEBUG] cheese - null
[2020-08-23T14:58:37.738] [DEBUG] cheese - login => username:admin,password:123456
[2020-08-23T14:58:37.739] [DEBUG] cheese - admin
[2020-08-23T14:58:37.757] [DEBUG] cheese - null
[2020-08-23T14:58:37.758] [DEBUG] cheese - null
[2020-08-23T14:59:16.326] [DEBUG] cheese - login => username:admin,password:123456
[2020-08-23T14:59:16.326] [DEBUG] cheese - admin
[2020-08-23T14:59:16.331] [DEBUG] cheese - null
[2020-08-23T14:59:16.332] [DEBUG] cheese - null
[2020-08-23T15:03:24.564] [DEBUG] cheese - login => username:admin,password:123456
[2020-08-23T15:03:24.565] [DEBUG] cheese - admin
[2020-08-23T15:03:24.571] [DEBUG] cheese - null
[2020-08-23T15:03:24.571] [DEBUG] cheese - null
[2020-08-23T15:03:46.723] [DEBUG] cheese - login => username:admin,password:123456
[2020-08-23T15:03:46.723] [DEBUG] cheese - admin
[2020-08-23T15:03:46.727] [DEBUG] cheese - null
[2020-08-23T15:03:46.728] [DEBUG] cheese - null
[2020-08-23T15:04:13.233] [DEBUG] cheese - login => username:admin,password:123456
[2020-08-23T15:04:13.233] [DEBUG] cheese - admin
[2020-08-23T15:04:13.243] [DEBUG] cheese - null
[2020-08-23T15:04:13.243] [DEBUG] cheese - null
[2020-08-23T15:30:53.105] [DEBUG] cheese - login => username:admin,password:123456
[2020-08-23T15:30:53.106] [DEBUG] cheese - admin
[2020-08-23T15:30:53.109] [DEBUG] cheese - null
[2020-08-23T15:30:53.110] [DEBUG] cheese - null
[2020-08-23T16:10:19.792] [DEBUG] cheese - login => username:admin,password:123456
[2020-08-23T16:10:19.792] [DEBUG] cheese - admin
[2020-08-23T16:10:19.798] [DEBUG] cheese - null
[2020-08-23T16:10:19.798] [DEBUG] cheese - null
[2020-08-23T16:16:12.185] [DEBUG] cheese - login => username:admin,password:123456
[2020-08-23T16:16:12.185] [DEBUG] cheese - admin
[2020-08-23T16:16:12.189] [DEBUG] cheese - null
[2020-08-23T16:16:12.189] [DEBUG] cheese - null
[2020-08-23T20:34:11.153] [DEBUG] cheese - login => username:admin,password:123456
[2020-08-23T20:34:11.154] [DEBUG] cheese - admin
[2020-08-23T20:34:11.162] [DEBUG] cheese - null
[2020-08-23T20:34:11.162] [DEBUG] cheese - null
[2020-08-23T22:48:32.194] [DEBUG] cheese - login => username:admin,password:123456
[2020-08-23T22:48:32.196] [DEBUG] cheese - admin
[2020-08-23T22:48:32.200] [DEBUG] cheese - null
[2020-08-23T22:48:32.200] [DEBUG] cheese - null
[2020-08-24T09:27:00.331] [DEBUG] cheese - login => username:admin,password:123456
[2020-08-24T09:27:00.334] [DEBUG] cheese - admin
[2020-08-24T09:27:02.553] [DEBUG] cheese - null
[2020-08-24T09:27:02.555] [DEBUG] cheese - null
[2020-08-25T06:21:58.418] [DEBUG] cheese - login => username:admin,password:123456
[2020-08-25T06:21:58.420] [DEBUG] cheese - admin
[2020-08-25T06:21:59.474] [DEBUG] cheese - null
[2020-08-25T06:21:59.478] [DEBUG] cheese - null
[2020-08-25T08:57:00.314] [DEBUG] cheese - null
[2020-08-25T08:57:34.545] [DEBUG] cheese - null
[2020-08-25T09:03:08.872] [DEBUG] cheese - null
[2020-08-25T09:03:18.616] [DEBUG] cheese - null
[2020-08-26T09:03:30.890] [DEBUG] cheese - login => username:admin,password:123456
[2020-08-26T09:03:30.892] [DEBUG] cheese - admin
[2020-08-26T09:03:31.135] [DEBUG] cheese - null
[2020-08-26T09:03:31.137] [DEBUG] cheese - null
[2020-08-26T09:54:46.332] [DEBUG] cheese - login => username:admin,password:123456
[2020-08-26T09:54:46.333] [DEBUG] cheese - admin
[2020-08-26T09:54:46.337] [DEBUG] cheese - null
[2020-08-26T09:54:46.338] [DEBUG] cheese - null
[2020-08-26T10:19:13.666] [DEBUG] cheese - login => username:admin,password:123456
[2020-08-26T10:19:13.666] [DEBUG] cheese - admin
[2020-08-26T10:19:13.669] [DEBUG] cheese - null
[2020-08-26T10:19:13.670] [DEBUG] cheese - null
[2020-08-26T10:32:11.566] [DEBUG] cheese - null
[2020-08-26T10:32:36.604] [DEBUG] cheese - null
[2020-08-26T11:26:29.304] [DEBUG] cheese - null
[2020-08-26T13:48:04.799] [DEBUG] cheese - login => username:admin,password:123456
[2020-08-26T13:48:04.802] [DEBUG] cheese - admin
[2020-08-26T13:48:04.831] [DEBUG] cheese - null
[2020-08-26T13:48:04.833] [DEBUG] cheese - null
[2020-08-26T16:24:45.523] [DEBUG] cheese - login => username:admin,password:123456
[2020-08-26T16:24:45.526] [DEBUG] cheese - admin
[2020-08-26T16:24:45.544] [DEBUG] cheese - null
[2020-08-26T16:24:45.545] [DEBUG] cheese - null
[2020-08-26T17:27:47.192] [DEBUG] cheese - login => username:admin,password:123456
[2020-08-26T17:27:47.195] [DEBUG] cheese - admin
[2020-08-26T17:27:47.204] [DEBUG] cheese - null
[2020-08-26T17:27:47.205] [DEBUG] cheese - null
[2020-08-26T19:29:40.043] [DEBUG] cheese - login => username:admin,password:123456
[2020-08-26T19:29:40.046] [DEBUG] cheese - admin
[2020-08-26T19:29:40.055] [DEBUG] cheese - null
[2020-08-26T19:29:40.056] [DEBUG] cheese - null
[2020-08-26T19:29:52.748] [DEBUG] cheese - login => username:admin,password:123456
[2020-08-26T19:29:52.748] [DEBUG] cheese - admin
[2020-08-26T19:29:52.754] [DEBUG] cheese - null
[2020-08-26T19:29:52.754] [DEBUG] cheese - null
[2020-08-26T23:31:18.618] [DEBUG] cheese - login => username:admin,password:123456
[2020-08-26T23:31:18.621] [DEBUG] cheese - admin
[2020-08-26T23:31:18.628] [DEBUG] cheese - null
[2020-08-26T23:31:18.629] [DEBUG] cheese - null
[2020-08-27T10:31:51.899] [DEBUG] cheese - login => username:admin,password:123456
[2020-08-27T10:31:51.903] [DEBUG] cheese - admin
[2020-08-27T10:31:52.014] [DEBUG] cheese - null
[2020-08-27T10:31:52.015] [DEBUG] cheese - null
[2020-08-27T13:59:36.579] [DEBUG] cheese - login => username:admin,password:123456
[2020-08-27T13:59:36.581] [DEBUG] cheese - admin
[2020-08-27T13:59:36.588] [DEBUG] cheese - null
[2020-08-27T13:59:36.589] [DEBUG] cheese - null
[2020-08-27T14:15:09.098] [DEBUG] cheese - login => username:admin,password:123456
[2020-08-27T14:15:09.100] [DEBUG] cheese - admin
[2020-08-27T14:15:09.105] [DEBUG] cheese - null
[2020-08-27T14:15:09.106] [DEBUG] cheese - null
[2020-08-27T15:46:08.669] [DEBUG] cheese - login => username:admin,password:123456
[2020-08-27T15:46:08.673] [DEBUG] cheese - admin
[2020-08-27T15:46:08.693] [DEBUG] cheese - null
[2020-08-27T15:46:08.693] [DEBUG] cheese - null
[2020-08-27T19:21:43.302] [DEBUG] cheese - login => username:admin,password:123456
[2020-08-27T19:21:43.305] [DEBUG] cheese - admin
[2020-08-27T19:21:43.324] [DEBUG] cheese - null
[2020-08-27T19:21:43.325] [DEBUG] cheese - null
[2020-08-27T22:24:30.488] [DEBUG] cheese - login => username:admin,password:123456
[2020-08-27T22:24:30.491] [DEBUG] cheese - admin
[2020-08-27T22:24:30.497] [DEBUG] cheese - null
[2020-08-27T22:24:30.498] [DEBUG] cheese - null
[2020-08-27T23:49:22.492] [DEBUG] cheese - login => username:admin,password:123456
[2020-08-27T23:49:22.496] [DEBUG] cheese - admin
[2020-08-27T23:49:22.503] [DEBUG] cheese - null
[2020-08-27T23:49:22.504] [DEBUG] cheese - null
[2020-08-28T10:49:02.152] [DEBUG] cheese - login => username:admin,password:123456
[2020-08-28T10:49:02.154] [DEBUG] cheese - admin
[2020-08-28T10:49:02.479] [DEBUG] cheese - null
[2020-08-28T10:49:02.482] [DEBUG] cheese - null
[2020-08-28T11:47:34.101] [DEBUG] cheese - login => username:admin,password:123456
[2020-08-28T11:47:34.104] [DEBUG] cheese - admin
[2020-08-28T11:47:34.113] [DEBUG] cheese - null
[2020-08-28T11:47:34.114] [DEBUG] cheese - null
[2020-08-28T11:57:30.151] [DEBUG] cheese - login => username:admin,password:123456
[2020-08-28T11:57:30.154] [DEBUG] cheese - admin
[2020-08-28T11:57:30.162] [DEBUG] cheese - null
[2020-08-28T11:57:30.163] [DEBUG] cheese - null
[2020-08-28T12:30:18.954] [DEBUG] cheese - login => username:admin,password:123456
[2020-08-28T12:30:18.957] [DEBUG] cheese - admin
[2020-08-28T12:30:18.982] [DEBUG] cheese - null
[2020-08-28T12:30:18.983] [DEBUG] cheese - null
[2020-08-28T17:46:11.171] [DEBUG] cheese - login => username:admin,password:123456
[2020-08-28T17:46:11.174] [DEBUG] cheese - admin
[2020-08-28T17:46:11.194] [DEBUG] cheese - null
[2020-08-28T17:46:11.195] [DEBUG] cheese - null
[2020-08-28T21:08:50.904] [DEBUG] cheese - login => username:admin,password:123456
[2020-08-28T21:08:50.907] [DEBUG] cheese - admin
[2020-08-28T21:08:52.447] [DEBUG] cheese - login => username:admin,password:123456
[2020-08-28T21:08:52.447] [DEBUG] cheese - admin
[2020-08-28T21:08:53.151] [DEBUG] cheese - login => username:admin,password:123456
[2020-08-28T21:08:53.151] [DEBUG] cheese - admin
[2020-08-28T21:08:53.305] [DEBUG] cheese - null
[2020-08-28T21:08:53.306] [DEBUG] cheese - null
[2020-08-28T21:08:53.483] [DEBUG] cheese - null
[2020-08-28T21:08:53.484] [DEBUG] cheese - null
[2020-08-28T21:08:53.662] [DEBUG] cheese - null
[2020-08-28T21:08:53.663] [DEBUG] cheese - null
[2020-08-28T21:08:53.832] [DEBUG] cheese - login => username:admin,password:123456
[2020-08-28T21:08:53.832] [DEBUG] cheese - admin
[2020-08-28T21:08:53.836] [DEBUG] cheese - login => username:admin,password:123456
[2020-08-28T21:08:53.836] [DEBUG] cheese - admin
[2020-08-28T21:08:53.845] [DEBUG] cheese - null
[2020-08-28T21:08:53.846] [DEBUG] cheese - null
[2020-08-28T21:08:54.013] [DEBUG] cheese - null
[2020-08-28T21:08:54.013] [DEBUG] cheese - null
[2020-08-28T21:32:14.837] [DEBUG] cheese - login => username:admin,password:123456
[2020-08-28T21:32:14.839] [DEBUG] cheese - admin
[2020-08-28T21:32:14.856] [DEBUG] cheese - null
[2020-08-28T21:32:14.857] [DEBUG] cheese - null
[2020-08-28T21:33:29.295] [DEBUG] cheese - login => username:admin,password:123456
[2020-08-28T21:33:29.297] [DEBUG] cheese - admin
[2020-08-28T21:33:29.304] [DEBUG] cheese - null
[2020-08-28T21:33:29.305] [DEBUG] cheese - null
[2020-08-29T10:01:25.116] [DEBUG] cheese - login => username:admin,password:123456
[2020-08-29T10:01:25.118] [DEBUG] cheese - admin
[2020-08-29T10:01:26.205] [DEBUG] cheese - login => username:admin,password:123456
[2020-08-29T10:01:26.205] [DEBUG] cheese - admin
[2020-08-29T10:01:26.686] [DEBUG] cheese - login => username:admin,password:123456
[2020-08-29T10:01:26.687] [DEBUG] cheese - admin
[2020-08-29T10:01:26.860] [DEBUG] cheese - login => username:admin,password:123456
[2020-08-29T10:01:26.860] [DEBUG] cheese - admin
[2020-08-29T10:01:27.006] [DEBUG] cheese - login => username:admin,password:123456
[2020-08-29T10:01:27.006] [DEBUG] cheese - admin
[2020-08-29T10:01:27.164] [DEBUG] cheese - login => username:admin,password:123456
[2020-08-29T10:01:27.164] [DEBUG] cheese - admin
[2020-08-29T10:01:27.342] [DEBUG] cheese - null
[2020-08-29T10:01:27.343] [DEBUG] cheese - null
[2020-08-29T10:01:27.514] [DEBUG] cheese - null
[2020-08-29T10:01:27.515] [DEBUG] cheese - null
[2020-08-29T10:01:27.697] [DEBUG] cheese - null
[2020-08-29T10:01:27.697] [DEBUG] cheese - null
[2020-08-29T10:01:27.855] [DEBUG] cheese - null
[2020-08-29T10:01:27.855] [DEBUG] cheese - null
[2020-08-29T10:01:28.023] [DEBUG] cheese - null
[2020-08-29T10:01:28.023] [DEBUG] cheese - null
[2020-08-29T10:01:28.189] [DEBUG] cheese - null
[2020-08-29T10:01:28.189] [DEBUG] cheese - null
[2020-08-29T10:01:28.335] [DEBUG] cheese - login => username:admin,password:123456
[2020-08-29T10:01:28.335] [DEBUG] cheese - admin
[2020-08-29T10:01:28.339] [DEBUG] cheese - login => username:admin,password:123456
[2020-08-29T10:01:28.339] [DEBUG] cheese - admin
[2020-08-29T10:01:28.345] [DEBUG] cheese - null
[2020-08-29T10:01:28.346] [DEBUG] cheese - null
[2020-08-29T10:01:28.482] [DEBUG] cheese - null
[2020-08-29T10:01:28.482] [DEBUG] cheese - null
[2020-08-29T12:01:47.995] [DEBUG] cheese - login => username:admin,password:123456
[2020-08-29T12:01:47.997] [DEBUG] cheese - admin
[2020-08-29T12:01:48.005] [DEBUG] cheese - null
[2020-08-29T12:01:48.006] [DEBUG] cheese - null
[2020-08-29T12:47:48.955] [DEBUG] cheese - login => username:admin,password:123456
[2020-08-29T12:47:48.958] [DEBUG] cheese - admin
[2020-08-29T12:47:48.964] [DEBUG] cheese - null
[2020-08-29T12:47:48.965] [DEBUG] cheese - null
[2020-08-29T13:54:10.521] [DEBUG] cheese - null
[2020-08-29T19:32:07.579] [DEBUG] cheese - login => username:admin,password:123456
[2020-08-29T19:32:07.583] [DEBUG] cheese - admin
[2020-08-29T19:32:07.599] [DEBUG] cheese - null
[2020-08-29T19:32:07.600] [DEBUG] cheese - null
[2020-08-29T21:39:30.540] [DEBUG] cheese - login => username:admin,password:123456
[2020-08-29T21:39:30.541] [DEBUG] cheese - admin
[2020-08-29T21:39:30.552] [DEBUG] cheese - null
[2020-08-29T21:39:30.552] [DEBUG] cheese - null
[2020-08-29T22:58:50.978] [DEBUG] cheese - login => username:admin,password:123456
[2020-08-29T22:58:50.979] [DEBUG] cheese - admin
[2020-08-29T22:58:50.992] [DEBUG] cheese - null
[2020-08-29T22:58:50.992] [DEBUG] cheese - null
[2020-08-29T23:18:00.498] [DEBUG] cheese - login => username:admin,password:123456
[2020-08-29T23:18:00.499] [DEBUG] cheese - admin
[2020-08-29T23:18:00.503] [DEBUG] cheese - null
[2020-08-29T23:18:00.503] [DEBUG] cheese - null
[2020-08-30T00:19:57.171] [DEBUG] cheese - login => username:admin,password:123456
[2020-08-30T00:19:57.172] [DEBUG] cheese - admin
[2020-08-30T00:19:57.179] [DEBUG] cheese - null
[2020-08-30T00:19:57.179] [DEBUG] cheese - null
[2020-08-30T01:06:28.314] [DEBUG] cheese - login => username:admin,password:123456
[2020-08-30T01:06:28.320] [DEBUG] cheese - admin
[2020-08-30T01:06:28.335] [DEBUG] cheese - null
[2020-08-30T01:06:28.336] [DEBUG] cheese - null
[2020-08-30T01:13:10.614] [DEBUG] cheese - login => username:admin,password:123456
[2020-08-30T01:13:10.614] [DEBUG] cheese - admin
[2020-08-30T01:13:10.621] [DEBUG] cheese - null
[2020-08-30T01:13:10.621] [DEBUG] cheese - null
[2020-08-30T01:40:54.424] [DEBUG] cheese - login => username:admin,password:123456
[2020-08-30T01:40:54.428] [DEBUG] cheese - admin
[2020-08-30T01:40:54.436] [DEBUG] cheese - null
[2020-08-30T01:40:54.437] [DEBUG] cheese - null
[2020-08-30T01:51:41.524] [DEBUG] cheese - login => username:admin,password:123456
[2020-08-30T01:51:41.528] [DEBUG] cheese - admin
[2020-08-30T01:51:41.536] [DEBUG] cheese - null
[2020-08-30T01:51:41.537] [DEBUG] cheese - null
[2020-08-30T01:59:25.145] [DEBUG] cheese - login => username:admin,password:123456
[2020-08-30T01:59:25.147] [DEBUG] cheese - admin
[2020-08-30T01:59:25.153] [DEBUG] cheese - null
[2020-08-30T01:59:25.154] [DEBUG] cheese - null
[2020-08-30T02:11:55.220] [DEBUG] cheese - login => username:admin,password:123456
[2020-08-30T02:11:55.222] [DEBUG] cheese - admin
[2020-08-30T02:11:55.241] [DEBUG] cheese - null
[2020-08-30T02:11:55.242] [DEBUG] cheese - null
[2020-08-30T02:29:31.311] [DEBUG] cheese - login => username:admin,password:123456
[2020-08-30T02:29:31.311] [DEBUG] cheese - admin
[2020-08-30T02:29:31.319] [DEBUG] cheese - null
[2020-08-30T02:29:31.319] [DEBUG] cheese - null
[2020-11-17T16:15:21.179] [DEBUG] cheese - login => username:admin,password:123456
[2020-11-17T16:15:21.182] [DEBUG] cheese - admin
[2020-11-17T16:15:21.277] [DEBUG] cheese - null
[2020-11-17T16:15:21.278] [DEBUG] cheese - null
[2020-11-17T16:17:22.123] [DEBUG] cheese - login => username:admin,password:123456
[2020-11-17T16:17:22.125] [DEBUG] cheese - admin
[2020-11-17T16:17:22.131] [DEBUG] cheese - null
[2020-11-17T16:17:22.132] [DEBUG] cheese - null
